<?xml version="1.0" encoding="utf-8"?><testsuites name="pytest tests"><testsuite name="pytest" errors="0" failures="0" skipped="0" tests="30" time="8.176" timestamp="2026-08-03T23:51:29.585724+00:00" hostname="agent-env-935b59af-a9fe-478f-b8ce-fc1cf525b2b7"><testcase classname="backend.tests.backend_test.TestSitePassword" name="test_wrong_password_401" time="0.267" /><testcase classname="backend.tests.backend_test.TestSitePassword" name="test_empty_password_401" time="0.052" /><testcase classname="backend.tests.backend_test.TestSitePassword" name="test_drifter_password_ok" time="0.048" /><testcase classname="backend.tests.backend_test.TestSitePassword" name="test_admin_password_returns_admin_jwt" time="0.096" /><testcase classname="backend.tests.backend_test.TestAuth" name="test_login_wrong_creds" time="0.268" /><testcase classname="backend.tests.backend_test.TestAuth" name="test_login_success" time="0.266" /><testcase classname="backend.tests.backend_test.TestAuth" name="test_me_unauthorized" time="0.053" /><testcase classname="backend.tests.backend_test.TestAuth" name="test_me_with_token" time="0.310" /><testcase classname="backend.tests.backend_test.TestPublicContent" name="test_list_drawings" time="0.044" /><testcase classname="backend.tests.backend_test.TestPublicContent" name="test_list_writings" time="0.046" /><testcase classname="backend.tests.backend_test.TestPublicContent" name="test_list_videos" time="0.044" /><testcase classname="backend.tests.backend_test.TestMessages" name="test_list_public_only_approved" time="0.046" /><testcase classname="backend.tests.backend_test.TestMessages" name="test_list_all_requires_admin" time="0.046" /><testcase classname="backend.tests.backend_test.TestMessages" name="test_list_all_with_admin" time="0.045" /><testcase classname="backend.tests.backend_test.TestMessages" name="test_create_pending_then_approve_then_delete" time="0.321" /><testcase classname="backend.tests.backend_test.TestAdminCRUD" name="test_create_drawing_requires_admin" time="0.043" /><testcase classname="backend.tests.backend_test.TestAdminCRUD" name="test_drawing_crud" time="0.225" /><testcase classname="backend.tests.backend_test.TestAdminCRUD" name="test_writing_crud" time="0.136" /><testcase classname="backend.tests.backend_test.TestAdminCRUD" name="test_video_crud" time="0.133" /><testcase classname="backend.tests.backend_test.TestAdminCRUD" name="test_delete_nonexistent" time="0.056" /><testcase classname="backend.tests.backend_test.TestSiteSettings" name="test_get_images_public" time="0.050" /><testcase classname="backend.tests.backend_test.TestSiteSettings" name="test_put_images_requires_admin" time="0.045" /><testcase classname="backend.tests.backend_test.TestSiteSettings" name="test_get_texts_public_has_defaults" time="0.044" /><testcase classname="backend.tests.backend_test.TestSiteSettings" name="test_put_texts_requires_admin" time="0.067" /><testcase classname="backend.tests.backend_test.TestPurgeSamples" name="test_purge_requires_auth" time="0.046" /><testcase classname="backend.tests.backend_test.TestPurgeSamples" name="test_purge_with_bad_token" time="0.046" /><testcase classname="backend.tests.backend_test.TestPurgeSamples" name="test_purge_ok_and_response_shape" time="0.046" /><testcase classname="backend.tests.backend_test.TestPurgeSamples" name="test_purge_only_removes_samples_not_real_content" time="0.228" /><testcase classname="backend.tests.backend_test.TestPurgeSamples" name="test_purge_is_idempotent" time="0.046" /><testcase classname="backend.tests.backend_test.TestPurgeSamples" name="test_samples_do_not_reappear_after_backend_restart" time="4.947" /></testsuite></testsuites>