<?xml version="1.0" encoding="utf-8"?><testsuites name="pytest tests"><testsuite name="pytest" errors="0" failures="0" skipped="0" tests="37" time="9.312" timestamp="2026-08-16T19:48:52.115286+00:00" hostname="agent-env-935b59af-a9fe-478f-b8ce-fc1cf525b2b7"><testcase classname="backend.tests.backend_test.TestSitePassword" name="test_wrong_password_401" time="0.234" /><testcase classname="backend.tests.backend_test.TestSitePassword" name="test_empty_password_401" time="0.049" /><testcase classname="backend.tests.backend_test.TestSitePassword" name="test_drifter_password_ok" time="0.042" /><testcase classname="backend.tests.backend_test.TestSitePassword" name="test_admin_password_returns_admin_jwt" time="0.094" /><testcase classname="backend.tests.backend_test.TestAuth" name="test_login_wrong_creds" time="0.273" /><testcase classname="backend.tests.backend_test.TestAuth" name="test_login_success" time="0.271" /><testcase classname="backend.tests.backend_test.TestAuth" name="test_me_unauthorized" time="0.046" /><testcase classname="backend.tests.backend_test.TestAuth" name="test_me_with_token" time="0.334" /><testcase classname="backend.tests.backend_test.TestPublicContent" name="test_list_drawings" time="0.062" /><testcase classname="backend.tests.backend_test.TestPublicContent" name="test_list_writings" time="0.056" /><testcase classname="backend.tests.backend_test.TestPublicContent" name="test_list_videos" time="0.056" /><testcase classname="backend.tests.backend_test.TestMessages" name="test_list_public_only_approved" time="0.053" /><testcase classname="backend.tests.backend_test.TestMessages" name="test_list_all_requires_admin" time="0.046" /><testcase classname="backend.tests.backend_test.TestMessages" name="test_list_all_with_admin" time="0.049" /><testcase classname="backend.tests.backend_test.TestMessages" name="test_create_pending_then_approve_then_delete" time="0.330" /><testcase classname="backend.tests.backend_test.TestAdminCRUD" name="test_create_drawing_requires_admin" time="0.043" /><testcase classname="backend.tests.backend_test.TestAdminCRUD" name="test_drawing_crud" time="0.277" /><testcase classname="backend.tests.backend_test.TestAdminCRUD" name="test_writing_crud" time="0.142" /><testcase classname="backend.tests.backend_test.TestAdminCRUD" name="test_video_crud" time="0.142" /><testcase classname="backend.tests.backend_test.TestAdminCRUD" name="test_delete_nonexistent" time="0.047" /><testcase classname="backend.tests.backend_test.TestSiteSettings" name="test_get_images_public" time="0.049" /><testcase classname="backend.tests.backend_test.TestSiteSettings" name="test_put_images_requires_admin" time="0.044" /><testcase classname="backend.tests.backend_test.TestSiteSettings" name="test_get_texts_public_has_defaults" time="0.048" /><testcase classname="backend.tests.backend_test.TestSiteSettings" name="test_put_texts_requires_admin" time="0.047" /><testcase classname="backend.tests.backend_test.TestPutEndpoints" name="test_put_drawing_requires_admin" time="0.140" /><testcase classname="backend.tests.backend_test.TestPutEndpoints" name="test_put_drawing_partial_update" time="0.214" /><testcase classname="backend.tests.backend_test.TestPutEndpoints" name="test_put_drawing_404" time="0.051" /><testcase classname="backend.tests.backend_test.TestPutEndpoints" name="test_put_drawing_empty_400" time="0.179" /><testcase classname="backend.tests.backend_test.TestPutEndpoints" name="test_put_writing_partial" time="0.191" /><testcase classname="backend.tests.backend_test.TestPutEndpoints" name="test_put_video_partial" time="0.207" /><testcase classname="backend.tests.backend_test.TestPutEndpoints" name="test_put_message_partial_and_approve" time="0.234" /><testcase classname="backend.tests.backend_test.TestPurgeSamples" name="test_purge_requires_auth" time="0.047" /><testcase classname="backend.tests.backend_test.TestPurgeSamples" name="test_purge_with_bad_token" time="0.046" /><testcase classname="backend.tests.backend_test.TestPurgeSamples" name="test_purge_ok_and_response_shape" time="0.050" /><testcase classname="backend.tests.backend_test.TestPurgeSamples" name="test_purge_only_removes_samples_not_real_content" time="0.231" /><testcase classname="backend.tests.backend_test.TestPurgeSamples" name="test_purge_is_idempotent" time="0.049" /><testcase classname="backend.tests.backend_test.TestPurgeSamples" name="test_samples_do_not_reappear_after_backend_restart" time="4.753" /></testsuite></testsuites>